<?xml version="1.0" encoding="UTF-8"?>
<testsuite xmlns:xsi="http://www.w3.org/2001/XMLSchema-instance" xsi:noNamespaceSchemaLocation="https://maven.apache.org/surefire/maven-surefire-plugin/xsd/surefire-test-report-3.0.xsd" version="3.0" name="com.example.AppTest" time="0.038" tests="1" errors="0" skipped="0" failures="0">
  <properties>
    <property name="java.specification.version" value="22"/>
    <property name="sun.cpu.isalist" value="amd64"/>
    <property name="sun.jnu.encoding" value="Cp1252"/>
    <property name="java.class.path" value="C:\Users\marce\xmpp-project\target\test-classes;C:\Users\marce\xmpp-project\target\classes;C:\Users\marce\.m2\repository\org\igniterealtime\smack\smack-core\4.4.4\smack-core-4.4.4.jar;C:\Users\marce\.m2\repository\org\igniterealtime\smack\smack-xmlparser\4.4.4\smack-xmlparser-4.4.4.jar;C:\Users\marce\.m2\repository\org\minidns\minidns-core\1.0.5\minidns-core-1.0.5.jar;C:\Users\marce\.m2\repository\org\igniterealtime\smack\smack-tcp\4.4.4\smack-tcp-4.4.4.jar;C:\Users\marce\.m2\repository\org\igniterealtime\smack\smack-streammanagement\4.4.4\smack-streammanagement-4.4.4.jar;C:\Users\marce\.m2\repository\org\igniterealtime\smack\smack-im\4.4.4\smack-im-4.4.4.jar;C:\Users\marce\.m2\repository\org\igniterealtime\smack\smack-extensions\4.4.7\smack-extensions-4.4.7.jar;C:\Users\marce\.m2\repository\org\igniterealtime\smack\smack-xmlparser-xpp3\4.4.4\smack-xmlparser-xpp3-4.4.4.jar;C:\Users\marce\.m2\repository\xpp3\xpp3_min\1.1.4c\xpp3_min-1.1.4c.jar;C:\Users\marce\.m2\repository\xpp3\xpp3\1.1.4c\xpp3-1.1.4c.jar;C:\Users\marce\.m2\repository\org\igniterealtime\smack\smack-xmlparser-stax\4.4.4\smack-xmlparser-stax-4.4.4.jar;C:\Users\marce\.m2\repository\org\igniterealtime\smack\smack-java8\4.4.4\smack-java8-4.4.4.jar;C:\Users\marce\.m2\repository\org\igniterealtime\smack\smack-resolver-javax\4.4.4\smack-resolver-javax-4.4.4.jar;C:\Users\marce\.m2\repository\org\igniterealtime\smack\smack-sasl-javax\4.4.4\smack-sasl-javax-4.4.4.jar;C:\Users\marce\.m2\repository\org\igniterealtime\smack\smack-resolver-minidns\4.4.4\smack-resolver-minidns-4.4.4.jar;C:\Users\marce\.m2\repository\org\minidns\minidns-hla\1.0.5\minidns-hla-1.0.5.jar;C:\Users\marce\.m2\repository\org\minidns\minidns-dnssec\1.0.5\minidns-dnssec-1.0.5.jar;C:\Users\marce\.m2\repository\org\minidns\minidns-client\1.0.5\minidns-client-1.0.5.jar;C:\Users\marce\.m2\repository\org\minidns\minidns-iterative-resolver\1.0.5\minidns-iterative-resolver-1.0.5.jar;C:\Users\marce\.m2\repository\org\jxmpp\jxmpp-core\1.0.2\jxmpp-core-1.0.2.jar;C:\Users\marce\.m2\repository\org\jxmpp\jxmpp-util-cache\1.0.2\jxmpp-util-cache-1.0.2.jar;C:\Users\marce\.m2\repository\nl\goodbytes\xmpp\xep\httpfileuploadcomponent\1.7.0\httpfileuploadcomponent-1.7.0.jar;C:\Users\marce\.m2\repository\org\igniterealtime\whack\core\2.0.1\core-2.0.1.jar;C:\Users\marce\.m2\repository\xmlpull\xmlpull\1.1.3.4a\xmlpull-1.1.3.4a.jar;C:\Users\marce\.m2\repository\org\igniterealtime\tinder\1.2.3\tinder-1.2.3.jar;C:\Users\marce\.m2\repository\dom4j\dom4j\1.6.1\dom4j-1.6.1.jar;C:\Users\marce\.m2\repository\xml-apis\xml-apis\1.0.b2\xml-apis-1.0.b2.jar;C:\Users\marce\.m2\repository\net\jcip\jcip-annotations\1.0\jcip-annotations-1.0.jar;C:\Users\marce\.m2\repository\org\gnu\inet\libidn\1.15\libidn-1.15.jar;C:\Users\marce\.m2\repository\com\googlecode\concurrentlinkedhashmap\concurrentlinkedhashmap-lru\1.0_jdk5\concurrentlinkedhashmap-lru-1.0_jdk5.jar;C:\Users\marce\.m2\repository\org\eclipse\jetty\jetty-server\7.0.1.v20091125\jetty-server-7.0.1.v20091125.jar;C:\Users\marce\.m2\repository\javax\servlet\servlet-api\2.5\servlet-api-2.5.jar;C:\Users\marce\.m2\repository\org\eclipse\jetty\jetty-continuation\7.0.1.v20091125\jetty-continuation-7.0.1.v20091125.jar;C:\Users\marce\.m2\repository\org\eclipse\jetty\jetty-http\7.0.1.v20091125\jetty-http-7.0.1.v20091125.jar;C:\Users\marce\.m2\repository\org\eclipse\jetty\jetty-io\7.0.1.v20091125\jetty-io-7.0.1.v20091125.jar;C:\Users\marce\.m2\repository\org\eclipse\jetty\jetty-webapp\7.0.1.v20091125\jetty-webapp-7.0.1.v20091125.jar;C:\Users\marce\.m2\repository\org\eclipse\jetty\jetty-xml\7.0.1.v20091125\jetty-xml-7.0.1.v20091125.jar;C:\Users\marce\.m2\repository\org\eclipse\jetty\jetty-util\7.0.1.v20091125\jetty-util-7.0.1.v20091125.jar;C:\Users\marce\.m2\repository\org\eclipse\jetty\jetty-servlet\7.0.1.v20091125\jetty-servlet-7.0.1.v20091125.jar;C:\Users\marce\.m2\repository\org\eclipse\jetty\jetty-security\7.0.1.v20091125\jetty-security-7.0.1.v20091125.jar;C:\Users\marce\.m2\repository\commons-cli\commons-cli\1.5.0\commons-cli-1.5.0.jar;C:\Users\marce\.m2\repository\org\slf4j\slf4j-api\2.0.3\slf4j-api-2.0.3.jar;C:\Users\marce\.m2\repository\org\slf4j\slf4j-simple\2.0.3\slf4j-simple-2.0.3.jar;C:\Users\marce\.m2\repository\com\google\guava\guava\32.1.2-jre\guava-32.1.2-jre.jar;C:\Users\marce\.m2\repository\com\google\guava\failureaccess\1.0.1\failureaccess-1.0.1.jar;C:\Users\marce\.m2\repository\com\google\guava\listenablefuture\9999.0-empty-to-avoid-conflict-with-guava\listenablefuture-9999.0-empty-to-avoid-conflict-with-guava.jar;C:\Users\marce\.m2\repository\com\google\code\findbugs\jsr305\3.0.2\jsr305-3.0.2.jar;C:\Users\marce\.m2\repository\org\checkerframework\checker-qual\3.33.0\checker-qual-3.33.0.jar;C:\Users\marce\.m2\repository\com\google\errorprone\error_prone_annotations\2.18.0\error_prone_annotations-2.18.0.jar;C:\Users\marce\.m2\repository\com\google\j2objc\j2objc-annotations\2.8\j2objc-annotations-2.8.jar;C:\Users\marce\.m2\repository\org\apache\maven\maven-model\3.8.5\maven-model-3.8.5.jar;C:\Users\marce\.m2\repository\org\codehaus\plexus\plexus-utils\3.3.0\plexus-utils-3.3.0.jar;C:\Users\marce\.m2\repository\xyz\capybara\clamav-client\2.1.2\clamav-client-2.1.2.jar;C:\Users\marce\.m2\repository\org\jetbrains\kotlin\kotlin-stdlib-jdk8\1.6.10\kotlin-stdlib-jdk8-1.6.10.jar;C:\Users\marce\.m2\repository\org\jetbrains\kotlin\kotlin-stdlib\1.6.10\kotlin-stdlib-1.6.10.jar;C:\Users\marce\.m2\repository\org\jetbrains\annotations\13.0\annotations-13.0.jar;C:\Users\marce\.m2\repository\org\jetbrains\kotlin\kotlin-stdlib-jdk7\1.6.10\kotlin-stdlib-jdk7-1.6.10.jar;C:\Users\marce\.m2\repository\io\github\microutils\kotlin-logging-jvm\2.1.21\kotlin-logging-jvm-2.1.21.jar;C:\Users\marce\.m2\repository\org\jetbrains\kotlin\kotlin-stdlib-common\1.6.0\kotlin-stdlib-common-1.6.0.jar;C:\Users\marce\.m2\repository\org\jxmpp\jxmpp-jid\1.0.2\jxmpp-jid-1.0.2.jar;C:\Users\marce\.m2\repository\junit\junit\4.13.2\junit-4.13.2.jar;C:\Users\marce\.m2\repository\org\hamcrest\hamcrest-core\1.3\hamcrest-core-1.3.jar;C:\Users\marce\.m2\repository\org\openjfx\javafx-controls\17.0.1\javafx-controls-17.0.1.jar;C:\Users\marce\.m2\repository\org\openjfx\javafx-controls\17.0.1\javafx-controls-17.0.1-win.jar;C:\Users\marce\.m2\repository\org\openjfx\javafx-graphics\17.0.1\javafx-graphics-17.0.1.jar;C:\Users\marce\.m2\repository\org\openjfx\javafx-graphics\17.0.1\javafx-graphics-17.0.1-win.jar;C:\Users\marce\.m2\repository\org\openjfx\javafx-base\17.0.1\javafx-base-17.0.1.jar;C:\Users\marce\.m2\repository\org\openjfx\javafx-base\17.0.1\javafx-base-17.0.1-win.jar;C:\Users\marce\.m2\repository\org\openjfx\javafx-fxml\17.0.1\javafx-fxml-17.0.1.jar;C:\Users\marce\.m2\repository\org\openjfx\javafx-fxml\17.0.1\javafx-fxml-17.0.1-win.jar;"/>
    <property name="java.vm.vendor" value="Oracle Corporation"/>
    <property name="sun.arch.data.model" value="64"/>
    <property name="user.variant" value=""/>
    <property name="java.vendor.url" value="https://java.oracle.com/"/>
    <property name="user.timezone" value="America/Guatemala"/>
    <property name="os.name" value="Windows 11"/>
    <property name="java.vm.specification.version" value="22"/>
    <property name="sun.java.launcher" value="SUN_STANDARD"/>
    <property name="user.country" value="MX"/>
    <property name="sun.boot.library.path" value="C:\Program Files\Java\jdk-22\bin"/>
    <property name="sun.java.command" value="C:\Users\marce\AppData\Local\Temp\surefire17300134245274765999\surefirebooter-20240821000940867_3.jar C:\Users\marce\AppData\Local\Temp\surefire17300134245274765999 2024-08-21T00-09-40_654-jvmRun1 surefire-20240821000940867_1tmp surefire_0-20240821000940867_2tmp"/>
    <property name="jdk.debug" value="release"/>
    <property name="surefire.test.class.path" value="C:\Users\marce\xmpp-project\target\test-classes;C:\Users\marce\xmpp-project\target\classes;C:\Users\marce\.m2\repository\org\igniterealtime\smack\smack-core\4.4.4\smack-core-4.4.4.jar;C:\Users\marce\.m2\repository\org\igniterealtime\smack\smack-xmlparser\4.4.4\smack-xmlparser-4.4.4.jar;C:\Users\marce\.m2\repository\org\minidns\minidns-core\1.0.5\minidns-core-1.0.5.jar;C:\Users\marce\.m2\repository\org\igniterealtime\smack\smack-tcp\4.4.4\smack-tcp-4.4.4.jar;C:\Users\marce\.m2\repository\org\igniterealtime\smack\smack-streammanagement\4.4.4\smack-streammanagement-4.4.4.jar;C:\Users\marce\.m2\repository\org\igniterealtime\smack\smack-im\4.4.4\smack-im-4.4.4.jar;C:\Users\marce\.m2\repository\org\igniterealtime\smack\smack-extensions\4.4.7\smack-extensions-4.4.7.jar;C:\Users\marce\.m2\repository\org\igniterealtime\smack\smack-xmlparser-xpp3\4.4.4\smack-xmlparser-xpp3-4.4.4.jar;C:\Users\marce\.m2\repository\xpp3\xpp3_min\1.1.4c\xpp3_min-1.1.4c.jar;C:\Users\marce\.m2\repository\xpp3\xpp3\1.1.4c\xpp3-1.1.4c.jar;C:\Users\marce\.m2\repository\org\igniterealtime\smack\smack-xmlparser-stax\4.4.4\smack-xmlparser-stax-4.4.4.jar;C:\Users\marce\.m2\repository\org\igniterealtime\smack\smack-java8\4.4.4\smack-java8-4.4.4.jar;C:\Users\marce\.m2\repository\org\igniterealtime\smack\smack-resolver-javax\4.4.4\smack-resolver-javax-4.4.4.jar;C:\Users\marce\.m2\repository\org\igniterealtime\smack\smack-sasl-javax\4.4.4\smack-sasl-javax-4.4.4.jar;C:\Users\marce\.m2\repository\org\igniterealtime\smack\smack-resolver-minidns\4.4.4\smack-resolver-minidns-4.4.4.jar;C:\Users\marce\.m2\repository\org\minidns\minidns-hla\1.0.5\minidns-hla-1.0.5.jar;C:\Users\marce\.m2\repository\org\minidns\minidns-dnssec\1.0.5\minidns-dnssec-1.0.5.jar;C:\Users\marce\.m2\repository\org\minidns\minidns-client\1.0.5\minidns-client-1.0.5.jar;C:\Users\marce\.m2\repository\org\minidns\minidns-iterative-resolver\1.0.5\minidns-iterative-resolver-1.0.5.jar;C:\Users\marce\.m2\repository\org\jxmpp\jxmpp-core\1.0.2\jxmpp-core-1.0.2.jar;C:\Users\marce\.m2\repository\org\jxmpp\jxmpp-util-cache\1.0.2\jxmpp-util-cache-1.0.2.jar;C:\Users\marce\.m2\repository\nl\goodbytes\xmpp\xep\httpfileuploadcomponent\1.7.0\httpfileuploadcomponent-1.7.0.jar;C:\Users\marce\.m2\repository\org\igniterealtime\whack\core\2.0.1\core-2.0.1.jar;C:\Users\marce\.m2\repository\xmlpull\xmlpull\1.1.3.4a\xmlpull-1.1.3.4a.jar;C:\Users\marce\.m2\repository\org\igniterealtime\tinder\1.2.3\tinder-1.2.3.jar;C:\Users\marce\.m2\repository\dom4j\dom4j\1.6.1\dom4j-1.6.1.jar;C:\Users\marce\.m2\repository\xml-apis\xml-apis\1.0.b2\xml-apis-1.0.b2.jar;C:\Users\marce\.m2\repository\net\jcip\jcip-annotations\1.0\jcip-annotations-1.0.jar;C:\Users\marce\.m2\repository\org\gnu\inet\libidn\1.15\libidn-1.15.jar;C:\Users\marce\.m2\repository\com\googlecode\concurrentlinkedhashmap\concurrentlinkedhashmap-lru\1.0_jdk5\concurrentlinkedhashmap-lru-1.0_jdk5.jar;C:\Users\marce\.m2\repository\org\eclipse\jetty\jetty-server\7.0.1.v20091125\jetty-server-7.0.1.v20091125.jar;C:\Users\marce\.m2\repository\javax\servlet\servlet-api\2.5\servlet-api-2.5.jar;C:\Users\marce\.m2\repository\org\eclipse\jetty\jetty-continuation\7.0.1.v20091125\jetty-continuation-7.0.1.v20091125.jar;C:\Users\marce\.m2\repository\org\eclipse\jetty\jetty-http\7.0.1.v20091125\jetty-http-7.0.1.v20091125.jar;C:\Users\marce\.m2\repository\org\eclipse\jetty\jetty-io\7.0.1.v20091125\jetty-io-7.0.1.v20091125.jar;C:\Users\marce\.m2\repository\org\eclipse\jetty\jetty-webapp\7.0.1.v20091125\jetty-webapp-7.0.1.v20091125.jar;C:\Users\marce\.m2\repository\org\eclipse\jetty\jetty-xml\7.0.1.v20091125\jetty-xml-7.0.1.v20091125.jar;C:\Users\marce\.m2\repository\org\eclipse\jetty\jetty-util\7.0.1.v20091125\jetty-util-7.0.1.v20091125.jar;C:\Users\marce\.m2\repository\org\eclipse\jetty\jetty-servlet\7.0.1.v20091125\jetty-servlet-7.0.1.v20091125.jar;C:\Users\marce\.m2\repository\org\eclipse\jetty\jetty-security\7.0.1.v20091125\jetty-security-7.0.1.v20091125.jar;C:\Users\marce\.m2\repository\commons-cli\commons-cli\1.5.0\commons-cli-1.5.0.jar;C:\Users\marce\.m2\repository\org\slf4j\slf4j-api\2.0.3\slf4j-api-2.0.3.jar;C:\Users\marce\.m2\repository\org\slf4j\slf4j-simple\2.0.3\slf4j-simple-2.0.3.jar;C:\Users\marce\.m2\repository\com\google\guava\guava\32.1.2-jre\guava-32.1.2-jre.jar;C:\Users\marce\.m2\repository\com\google\guava\failureaccess\1.0.1\failureaccess-1.0.1.jar;C:\Users\marce\.m2\repository\com\google\guava\listenablefuture\9999.0-empty-to-avoid-conflict-with-guava\listenablefuture-9999.0-empty-to-avoid-conflict-with-guava.jar;C:\Users\marce\.m2\repository\com\google\code\findbugs\jsr305\3.0.2\jsr305-3.0.2.jar;C:\Users\marce\.m2\repository\org\checkerframework\checker-qual\3.33.0\checker-qual-3.33.0.jar;C:\Users\marce\.m2\repository\com\google\errorprone\error_prone_annotations\2.18.0\error_prone_annotations-2.18.0.jar;C:\Users\marce\.m2\repository\com\google\j2objc\j2objc-annotations\2.8\j2objc-annotations-2.8.jar;C:\Users\marce\.m2\repository\org\apache\maven\maven-model\3.8.5\maven-model-3.8.5.jar;C:\Users\marce\.m2\repository\org\codehaus\plexus\plexus-utils\3.3.0\plexus-utils-3.3.0.jar;C:\Users\marce\.m2\repository\xyz\capybara\clamav-client\2.1.2\clamav-client-2.1.2.jar;C:\Users\marce\.m2\repository\org\jetbrains\kotlin\kotlin-stdlib-jdk8\1.6.10\kotlin-stdlib-jdk8-1.6.10.jar;C:\Users\marce\.m2\repository\org\jetbrains\kotlin\kotlin-stdlib\1.6.10\kotlin-stdlib-1.6.10.jar;C:\Users\marce\.m2\repository\org\jetbrains\annotations\13.0\annotations-13.0.jar;C:\Users\marce\.m2\repository\org\jetbrains\kotlin\kotlin-stdlib-jdk7\1.6.10\kotlin-stdlib-jdk7-1.6.10.jar;C:\Users\marce\.m2\repository\io\github\microutils\kotlin-logging-jvm\2.1.21\kotlin-logging-jvm-2.1.21.jar;C:\Users\marce\.m2\repository\org\jetbrains\kotlin\kotlin-stdlib-common\1.6.0\kotlin-stdlib-common-1.6.0.jar;C:\Users\marce\.m2\repository\org\jxmpp\jxmpp-jid\1.0.2\jxmpp-jid-1.0.2.jar;C:\Users\marce\.m2\repository\junit\junit\4.13.2\junit-4.13.2.jar;C:\Users\marce\.m2\repository\org\hamcrest\hamcrest-core\1.3\hamcrest-core-1.3.jar;C:\Users\marce\.m2\repository\org\openjfx\javafx-controls\17.0.1\javafx-controls-17.0.1.jar;C:\Users\marce\.m2\repository\org\openjfx\javafx-controls\17.0.1\javafx-controls-17.0.1-win.jar;C:\Users\marce\.m2\repository\org\openjfx\javafx-graphics\17.0.1\javafx-graphics-17.0.1.jar;C:\Users\marce\.m2\repository\org\openjfx\javafx-graphics\17.0.1\javafx-graphics-17.0.1-win.jar;C:\Users\marce\.m2\repository\org\openjfx\javafx-base\17.0.1\javafx-base-17.0.1.jar;C:\Users\marce\.m2\repository\org\openjfx\javafx-base\17.0.1\javafx-base-17.0.1-win.jar;C:\Users\marce\.m2\repository\org\openjfx\javafx-fxml\17.0.1\javafx-fxml-17.0.1.jar;C:\Users\marce\.m2\repository\org\openjfx\javafx-fxml\17.0.1\javafx-fxml-17.0.1-win.jar;"/>
    <property name="sun.cpu.endian" value="little"/>
    <property name="user.home" value="C:\Users\marce"/>
    <property name="user.language" value="es"/>
    <property name="java.specification.vendor" value="Oracle Corporation"/>
    <property name="java.version.date" value="2024-04-16"/>
    <property name="java.home" value="C:\Program Files\Java\jdk-22"/>
    <property name="file.separator" value="\"/>
    <property name="basedir" value="C:\Users\marce\xmpp-project"/>
    <property name="java.vm.compressedOopsMode" value="Zero based"/>
    <property name="line.separator" value="&#10;"/>
    <property name="java.vm.specification.vendor" value="Oracle Corporation"/>
    <property name="java.specification.name" value="Java Platform API Specification"/>
    <property name="surefire.real.class.path" value="C:\Users\marce\AppData\Local\Temp\surefire17300134245274765999\surefirebooter-20240821000940867_3.jar"/>
    <property name="user.script" value=""/>
    <property name="sun.management.compiler" value="HotSpot 64-Bit Tiered Compilers"/>
    <property name="java.runtime.version" value="22.0.1+8-16"/>
    <property name="user.name" value="marce"/>
    <property name="stdout.encoding" value="Cp1252"/>
    <property name="path.separator" value=";"/>
    <property name="os.version" value="10.0"/>
    <property name="java.runtime.name" value="Java(TM) SE Runtime Environment"/>
    <property name="file.encoding" value="UTF-8"/>
    <property name="java.vm.name" value="Java HotSpot(TM) 64-Bit Server VM"/>
    <property name="localRepository" value="C:\Users\marce\.m2\repository"/>
    <property name="java.vendor.url.bug" value="https://bugreport.java.com/bugreport/"/>
    <property name="java.io.tmpdir" value="C:\Users\marce\AppData\Local\Temp\"/>
    <property name="java.version" value="22.0.1"/>
    <property name="user.dir" value="C:\Users\marce\xmpp-project"/>
    <property name="os.arch" value="amd64"/>
    <property name="java.vm.specification.name" value="Java Virtual Machine Specification"/>
    <property name="sun.os.patch.level" value=""/>
    <property name="native.encoding" value="Cp1252"/>
    <property name="java.library.path" value="C:\Program Files\Java\jdk-22\bin;C:\WINDOWS\Sun\Java\bin;C:\WINDOWS\system32;C:\WINDOWS;C:\Program Files (x86)\Common Files\Oracle\Java\java8path;C:\Program Files (x86)\Common Files\Oracle\Java\javapath;C:\Program Files (x86)\VMware\VMware Player\bin\;C:\Windows\system32;C:\Windows;C:\Windows\System32\Wbem;C:\Windows\System32\WindowsPowerShell\v1.0\;C:\Windows\System32\OpenSSH\;C:\Program Files (x86)\NVIDIA Corporation\PhysX\Common;C:\Program Files\NVIDIA Corporation\NVIDIA NvDLISR;C:\WINDOWS\system32;C:\WINDOWS;C:\WINDOWS\System32\Wbem;C:\WINDOWS\System32\WindowsPowerShell\v1.0\;C:\WINDOWS\System32\OpenSSH\;C:\Program Files\MongoDB\Server\7.0\bin;C:\Users\marce\Downloads\mongodb-database-tools-windows-x86_64-100.9.4.zip\mongodb-database-tools-windows-x86_64-100.9.4\bin;C:\Users\marce\Downloads\mongodb-database-tools-windows-x86_64-100.9.4 (1).zip\mongodb-database-tools-windows-x86_64-100.9.4\bin;C:\Users\marce\Downloads\mongodb-database-tools-windows-x86_64-100.9.4\bin;C:\Users\marce\Downloads\windows_10_msbuild_Release_graphviz-9.0.0-win32\Graphviz\bin;C:\Program Files\nodejs\;C:\Program Files\Microsoft SQL Server\Client SDK\ODBC\170\Tools\Binn\;C:\Program Files (x86)\Microsoft SQL Server\150\Tools\Binn\;C:\Program Files\Microsoft SQL Server\150\Tools\Binn\;C:\Program Files\Microsoft SQL Server\150\DTS\Binn\;C:\Program Files\Graphviz\bin;C:\Program Files\Graphviz\bin\dot.exe;C:\Program Files\Rancher Desktop\resources\resources\win32\bin\;C:\Program Files\Rancher Desktop\resources\resources\linux\bin\;C:\Program Files\Docker\Docker\resources\bin;C:\Program Files\Terraform;C:\Program Files\dotnet\;C:\Users\marce\Desktop\maven\apache-maven-3.9.8-bin\apache-maven-3.9.8\bin;C:\Program Files\Java\jdk-22\bin;C:\Users\marce\Downloads\gradle-8.9-bin\gradle-8.9\bin;C:\Users\marce\AppData\Local\Programs\Python\Python312\Scripts\;C:\Users\marce\AppData\Local\Programs\Python\Python312\;C:\Users\marce\AppData\Local\Microsoft\WindowsApps;C:\Users\marce\AppData\Local\Programs\Microsoft VS Code\bin;C:\Program Files\MongoDB\Server\7.0\bin;C:\Users\marce\Downloads\mongodb-database-tools-windows-x86_64-100.9.4.zip\mongodb-database-tools-windows-x86_64-100.9.4\bin;C:\Users\marce\Downloads\mongodb-database-tools-windows-x86_64-100.9.4\bin;C:\Users\marce\AppData\Local\GitHubDesktop\bin;C:\ProgramData\marce\GitHubDesktop\bin;C:\Users\marce\Downloads\windows_10_msbuild_Release_graphviz-9.0.0-win32.zip\Graphviz\bin;C:\Users\marce\AppData\Roaming\npm;C:\;C:\Program Files\Java\jdk-22\bin;C:\Users\marce\Desktop\maven\apache-maven-3.9.8-bin\apache-maven-3.9.8\bin;C:\Program Files\Java\jdk-22\bin;C:\Program Files\Tesseract-OCR\tesseract.exe;C:\MinGW\bin;;."/>
    <property name="java.vm.info" value="mixed mode, sharing"/>
    <property name="stderr.encoding" value="Cp1252"/>
    <property name="java.vendor" value="Oracle Corporation"/>
    <property name="java.vm.version" value="22.0.1+8-16"/>
    <property name="sun.io.unicode.encoding" value="UnicodeLittle"/>
    <property name="java.class.version" value="66.0"/>
  </properties>
  <testcase name="testApp" classname="com.example.AppTest" time="0.003"/>
</testsuite>